<?xml version="1.0" encoding="UTF-8"?>
<!-- Generated by org.testng.reporters.JUnitReportReporter -->
<testsuite hostname="Nikhil" failures="0" tests="3" name="SeleniumTrainingDay3.TestNG_Dataprovider" time="0.015" errors="0" timestamp="2021-10-08T09:44:52 IST" skipped="0">
  <testcase classname="SeleniumTrainingDay3.TestNG_Dataprovider" name="testMethod2" time="0.009"/>
  <system-out/>
  <testcase classname="SeleniumTrainingDay3.TestNG_Dataprovider" name="testMethod3" time="0.003"/>
  <system-out/>
  <testcase classname="SeleniumTrainingDay3.TestNG_Dataprovider" name="testMethod2" time="0.003"/>
  <system-out/>
</testsuite> <!-- SeleniumTrainingDay3.TestNG_Dataprovider -->
