<?xml version="1.0" encoding="UTF-8"?>
<!-- Generated by org.testng.reporters.JUnitReportReporter -->
<testsuite hostname="Nikhil" failures="0" tests="3" name="SeleniumTrainingDay3.TestNG_1" time="0.044" errors="0" timestamp="2021-10-08T11:11:24 IST" skipped="0">
  <testcase classname="SeleniumTrainingDay3.TestNG_1" name="testMethod1" time="0.002"/>
  <system-out/>
  <testcase classname="SeleniumTrainingDay3.TestNG_1" name="testMethod2" time="0.012"/>
  <system-out/>
  <testcase classname="SeleniumTrainingDay3.TestNG_1" name="testMethod3" time="0.030"/>
  <system-out/>
</testsuite> <!-- SeleniumTrainingDay3.TestNG_1 -->
